<?xml version="1.0" encoding="UTF-8"?>
<!-- Generated by org.testng.reporters.JUnitXMLReporter -->
<testsuite ignored="0" hostname="DESKTOP-TQOT31I" failures="0" tests="3" name="Default test" time="1.201" errors="0" timestamp="2023-06-16T18:50:44 IST">
  <testcase classname="SmokeTest.HomePage" name="verifyItems" time="0.465"/>
  <testcase classname="SmokeTest.HomePage" name="verifySearchButton" time="0.004"/>
  <testcase classname="SmokeTest.HomePage" name="verifySignInButton" time="0.007"/>
</testsuite> <!-- Default test -->
