<?xml version="1.0" encoding="UTF-8"?>
<!-- Generated by org.testng.reporters.JUnitXMLReporter -->
<testsuite ignored="0" hostname="DESKTOP-TQOT31I" failures="0" tests="8" name="Test" time="0.359" errors="0" timestamp="2023-06-12T19:54:44 IST">
  <testcase classname="FirstTestCase.RegistrationPage" name="ValidMobileNo" time="0.105"/>
  <testcase classname="FirstTestCase.RegistrationPage" name="ValidName" time="0.005"/>
  <testcase classname="SecondTestCase.LoginPage" name="ForgetPassword" time="0.005"/>
  <testcase classname="SecondTestCase.LoginPage" name="ImageCaptcha" time="0.005"/>
  <testcase classname="SecondTestCase.LoginPage" name="Username" time="0.003"/>
  <testcase classname="ThirdTestCase.HomePage" name="ContactLinks" time="0.003"/>
  <testcase classname="ThirdTestCase.HomePage" name="MenuOptions" time="0.008"/>
  <testcase classname="ThirdTestCase.HomePage" name="ProductTabs" time="0.006"/>
</testsuite> <!-- Test -->
