<?xml version="1.0" encoding="UTF-8"?>
<!-- Generated by org.testng.reporters.JUnitXMLReporter -->
<testsuite ignored="0" hostname="DESKTOP-TQOT31I" failures="0" tests="9" name="Test" time="0.503" errors="0" timestamp="2023-06-16T20:40:21 IST">
  <testcase classname="FunctionalTestCase.Payment" name="verifyCreditcardPayment" time="0.119"/>
  <testcase classname="FunctionalTestCase.Payment" name="verifyDebitcardPayment" time="0.005"/>
  <testcase classname="FunctionalTestCase.Payment" name="verifyElectronicItemsPayment" time="0.012"/>
  <testcase classname="FunctionalTestCase.Payment" name="verifyNetBanking" time="0.003"/>
  <testcase classname="FunctionalTestCase.Payment" name="verifyUPIPayment" time="0.003"/>
  <testcase classname="FunctionalTestCase.Product" name="verifyElectronicItems" time="0.003"/>
  <testcase classname="FunctionalTestCase.Product" name="verifyGrocery" time="0.003"/>
  <testcase classname="FunctionalTestCase.Product" name="verifyHomeDecor" time="0.003"/>
  <testcase classname="FunctionalTestCase.Product" name="verifyKitchenApplience" time="0.005"/>
</testsuite> <!-- Test -->
