<?xml version="1.0" encoding="UTF-8"?>
<testng-results ignored="0" total="9" passed="9" failed="0" skipped="0">
  <reporter-output>
  </reporter-output>
  <suite started-at="2023-06-16T20:40:20 IST" name="Suite" finished-at="2023-06-16T20:40:21 IST" duration-ms="503">
    <groups>
    </groups>
    <test started-at="2023-06-16T20:40:20 IST" name="Test" finished-at="2023-06-16T20:40:21 IST" duration-ms="503">
      <class name="FunctionalTestCase.Payment">
        <test-method signature="verifyCreditcardPayment()[pri:0, instance:FunctionalTestCase.Payment@76b1e9b8]" started-at="2023-06-16T20:40:20 IST" name="verifyCreditcardPayment" finished-at="2023-06-16T20:40:20 IST" duration-ms="119" status="PASS">
          <reporter-output>
          </reporter-output>
        </test-method> <!-- verifyCreditcardPayment -->
        <test-method signature="verifyDebitcardPayment()[pri:0, instance:FunctionalTestCase.Payment@76b1e9b8]" started-at="2023-06-16T20:40:21 IST" name="verifyDebitcardPayment" finished-at="2023-06-16T20:40:21 IST" duration-ms="5" status="PASS">
          <reporter-output>
          </reporter-output>
        </test-method> <!-- verifyDebitcardPayment -->
        <test-method signature="verifyElectronicItemsPayment()[pri:0, instance:FunctionalTestCase.Payment@76b1e9b8]" started-at="2023-06-16T20:40:21 IST" name="verifyElectronicItemsPayment" finished-at="2023-06-16T20:40:21 IST" duration-ms="12" status="PASS">
          <reporter-output>
          </reporter-output>
        </test-method> <!-- verifyElectronicItemsPayment -->
        <test-method signature="verifyNetBanking()[pri:0, instance:FunctionalTestCase.Payment@76b1e9b8]" started-at="2023-06-16T20:40:21 IST" name="verifyNetBanking" finished-at="2023-06-16T20:40:21 IST" duration-ms="3" status="PASS">
          <reporter-output>
          </reporter-output>
        </test-method> <!-- verifyNetBanking -->
        <test-method signature="verifyUPIPayment()[pri:0, instance:FunctionalTestCase.Payment@76b1e9b8]" started-at="2023-06-16T20:40:21 IST" name="verifyUPIPayment" finished-at="2023-06-16T20:40:21 IST" duration-ms="3" status="PASS">
          <reporter-output>
          </reporter-output>
        </test-method> <!-- verifyUPIPayment -->
      </class> <!-- FunctionalTestCase.Payment -->
      <class name="FunctionalTestCase.Product">
        <test-method signature="verifyElectronicItems()[pri:0, instance:FunctionalTestCase.Product@3e27ba32]" started-at="2023-06-16T20:40:21 IST" name="verifyElectronicItems" finished-at="2023-06-16T20:40:21 IST" duration-ms="3" status="PASS">
          <reporter-output>
          </reporter-output>
        </test-method> <!-- verifyElectronicItems -->
        <test-method signature="verifyGrocery()[pri:0, instance:FunctionalTestCase.Product@3e27ba32]" started-at="2023-06-16T20:40:21 IST" name="verifyGrocery" finished-at="2023-06-16T20:40:21 IST" duration-ms="3" status="PASS">
          <reporter-output>
          </reporter-output>
        </test-method> <!-- verifyGrocery -->
        <test-method signature="verifyHomeDecor()[pri:0, instance:FunctionalTestCase.Product@3e27ba32]" started-at="2023-06-16T20:40:21 IST" name="verifyHomeDecor" finished-at="2023-06-16T20:40:21 IST" duration-ms="3" status="PASS">
          <reporter-output>
          </reporter-output>
        </test-method> <!-- verifyHomeDecor -->
        <test-method signature="verifyKitchenApplience()[pri:0, instance:FunctionalTestCase.Product@3e27ba32]" started-at="2023-06-16T20:40:21 IST" name="verifyKitchenApplience" finished-at="2023-06-16T20:40:21 IST" duration-ms="5" status="PASS">
          <reporter-output>
          </reporter-output>
        </test-method> <!-- verifyKitchenApplience -->
      </class> <!-- FunctionalTestCase.Product -->
    </test> <!-- Test -->
  </suite> <!-- Suite -->
  <suite started-at="2023-06-16T20:40:21 IST" name="Master Suite" finished-at="2023-06-16T20:40:21 IST" duration-ms="0">
    <groups>
    </groups>
  </suite> <!-- Master Suite -->
</testng-results>
