<?xml version="1.0" encoding="UTF-8"?>
<testng-results ignored="0" total="3" passed="3" failed="0" skipped="0">
  <reporter-output>
  </reporter-output>
  <suite started-at="2023-06-16T18:50:43 IST" name="Default suite" finished-at="2023-06-16T18:50:44 IST" duration-ms="1201">
    <groups>
    </groups>
    <test started-at="2023-06-16T18:50:43 IST" name="Default test" finished-at="2023-06-16T18:50:44 IST" duration-ms="1201">
      <class name="SmokeTest.HomePage">
        <test-method signature="verifyItems()[pri:0, instance:SmokeTest.HomePage@51133c06]" started-at="2023-06-16T18:50:43 IST" name="verifyItems" finished-at="2023-06-16T18:50:44 IST" duration-ms="465" status="PASS">
          <reporter-output>
          </reporter-output>
        </test-method> <!-- verifyItems -->
        <test-method signature="verifySearchButton()[pri:0, instance:SmokeTest.HomePage@51133c06]" started-at="2023-06-16T18:50:44 IST" name="verifySearchButton" finished-at="2023-06-16T18:50:44 IST" duration-ms="4" status="PASS">
          <reporter-output>
          </reporter-output>
        </test-method> <!-- verifySearchButton -->
        <test-method signature="verifySignInButton()[pri:0, instance:SmokeTest.HomePage@51133c06]" started-at="2023-06-16T18:50:44 IST" name="verifySignInButton" finished-at="2023-06-16T18:50:44 IST" duration-ms="7" status="PASS">
          <reporter-output>
          </reporter-output>
        </test-method> <!-- verifySignInButton -->
      </class> <!-- SmokeTest.HomePage -->
    </test> <!-- Default test -->
  </suite> <!-- Default suite -->
</testng-results>
